<?xml version="1.0" encoding="UTF-8"?>
<!-- Generated by org.testng.reporters.JUnitXMLReporter -->
<testsuite hostname="BOG15CP1QG4LA" ignored="0" name="Default test" tests="5" failures="0" timestamp="06 May 2021 21:44:09 GMT" time="28.332" errors="0">
  <testcase name="Login" time="1.896" classname="COL_287.Mensaje_Centro_Medico$Mensaje_prod_PRE"/>
  <testcase name="office" time="2.187" classname="COL_287.Mensaje_Centro_Medico$Mensaje_prod_PRE"/>
  <testcase name="ConsultaDocumento1" time="10.446" classname="COL_287.Mensaje_Centro_Medico$Mensaje_prod_PRE"/>
  <testcase name="centro_medico" time="3.217" classname="COL_287.Mensaje_Centro_Medico$Mensaje_prod_PRE"/>
  <testcase name="VerificacionMensaje" time="3.145" classname="COL_287.Mensaje_Centro_Medico$Mensaje_prod_PRE"/>
</testsuite> <!-- Default test -->
